2025-06-01 20:22:59 INFO  Log:20 - Verifying if homePage is visible
2025-06-01 20:23:01 INFO  Log:20 - Clicking on products section
2025-06-01 20:23:01 INFO  Log:20 - verifyed if sale logo is visible
2025-06-01 20:23:01 INFO  Log:20 - moving mouse to first product and clicking add to cart
2025-06-01 20:23:03 INFO  Log:20 - Moving to second element and clicking add to cart and selecting view cart from pop up
2025-06-01 20:23:06 INFO  Log:20 - verifying if cart page is visible
2025-06-01 20:23:06 INFO  Log:20 - verfying only 2 products are present in cart
2025-06-01 20:23:06 INFO  Log:20 - Verifying price and quantity total is same as displayed
2025-06-01 20:23:06 INFO  Log:13 - =====================================addProductsToCart TEST END=========================================
2025-06-01 20:24:21 INFO  Log:20 - Verifying if homePage is visible
2025-06-01 20:24:23 INFO  Log:20 - Clicking on products section
2025-06-01 20:24:23 INFO  Log:20 - verifyed if sale logo is visible
2025-06-01 20:24:23 INFO  Log:20 - moving mouse to first product and clicking add to cart
2025-06-01 20:24:45 INFO  Log:20 - Verifying if homePage is visible
2025-06-01 20:24:46 INFO  Log:20 - Clicking on products section
2025-06-01 20:24:47 INFO  Log:20 - verifyed if sale logo is visible
2025-06-01 20:24:47 INFO  Log:20 - moving mouse to first product and clicking add to cart
2025-06-01 20:24:54 INFO  Log:20 - Moving to second element and clicking add to cart and selecting view cart from pop up
2025-06-01 20:24:59 INFO  Log:20 - verifying if cart page is visible
2025-06-01 20:24:59 INFO  Log:20 - verfying only 2 products are present in cart
2025-06-01 20:24:59 INFO  Log:20 - Verifying price and quantity total is same as displayed
2025-06-01 20:24:59 INFO  Log:13 - =====================================addProductsToCart TEST END=========================================
2025-06-01 20:25:10 INFO  Log:20 - Verifying if homePage is visible
2025-06-01 20:25:12 INFO  Log:20 - Clicking on products section
2025-06-01 20:25:12 INFO  Log:20 - verifyed if sale logo is visible
2025-06-01 20:25:12 INFO  Log:20 - moving mouse to first product and clicking add to cart
2025-06-01 20:25:15 INFO  Log:20 - Moving to second element and clicking add to cart and selecting view cart from pop up
2025-06-01 20:25:16 INFO  Log:20 - verifying if cart page is visible
2025-06-01 20:25:16 INFO  Log:20 - verfying only 2 products are present in cart
2025-06-01 20:25:16 INFO  Log:20 - Verifying price and quantity total is same as displayed
2025-06-01 20:25:17 INFO  Log:13 - =====================================addProductsToCart TEST END=========================================
2025-06-01 20:25:29 INFO  Log:20 - Verifying if homePage is visible
2025-06-01 20:25:30 INFO  Log:20 - Clicking on products section
2025-06-01 20:25:30 INFO  Log:20 - verifyed if sale logo is visible
2025-06-01 20:25:30 INFO  Log:20 - moving mouse to first product and clicking add to cart
2025-06-01 20:25:35 INFO  Log:10 - =====================================subscriptionToMailFromCartPage TEST START=========================================
2025-06-01 20:25:35 INFO  Log:20 - Verify homepage is visible
2025-06-01 20:25:35 INFO  Log:20 - clicking on cart
2025-06-01 20:25:37 INFO  Log:20 - validating cart is loaded
2025-06-01 20:25:37 INFO  Log:20 - Scrolling down
2025-06-01 20:25:37 INFO  Log:20 - verifying if subscription box is loaded
2025-06-01 20:25:37 INFO  Log:20 - Filing email and submiting
2025-06-01 20:25:38 INFO  Log:20 - Validating success message
2025-06-01 20:25:38 INFO  Log:13 - =====================================subscriptionToMailFromCartPage TEST END=========================================
2025-06-01 20:25:41 INFO  Log:10 - =====================================verifyQuantityFromCart TEST START=========================================
2025-06-01 20:25:42 INFO  Log:20 - Verified Home Page is visible
2025-06-01 20:25:43 INFO  Log:20 - Clicked on product 5
2025-06-01 20:25:44 INFO  Log:20 - Verifying if products are visible
2025-06-01 20:25:44 INFO  Log:20 - verifying quantity is chaange to 4
2025-06-01 20:25:44 INFO  Log:20 - Clicked on Add to Cart Button
2025-06-01 20:25:46 INFO  Log:20 - Clicked on view cart from popup
2025-06-01 20:25:46 INFO  Log:20 - Getting quantity displayed and verifying its 4
2025-06-01 20:25:46 INFO  Log:13 - =====================================verifyQuantityFromCart TEST END=========================================
2025-06-01 20:30:16 INFO  Log:20 - Verifying if homePage is visible
2025-06-01 20:30:18 INFO  Log:20 - Clicking on products section
2025-06-01 20:30:18 INFO  Log:20 - verifyed if sale logo is visible
2025-06-01 20:30:18 INFO  Log:20 - moving mouse to first product and clicking add to cart
2025-06-01 20:30:20 INFO  Log:20 - Moving to second element and clicking add to cart and selecting view cart from pop up
2025-06-01 20:38:56 INFO  Log:20 - Verifying if homePage is visible
2025-06-01 20:38:57 INFO  Log:20 - Clicking on products section
2025-06-01 20:38:57 INFO  Log:20 - verifyed if sale logo is visible
2025-06-01 20:38:57 INFO  Log:20 - moving mouse to first product and clicking add to cart
2025-06-01 20:38:59 INFO  Log:20 - Moving to second element and clicking add to cart and selecting view cart from pop up
2025-06-01 20:39:01 INFO  Log:20 - verifying if cart page is visible
2025-06-01 20:39:01 INFO  Log:20 - verfying only 2 products are present in cart
2025-06-01 20:39:01 INFO  Log:20 - Verifying price and quantity total is same as displayed
2025-06-01 20:39:02 INFO  Log:13 - =====================================addProductsToCart TEST END=========================================
2025-06-01 20:39:12 INFO  Log:20 - Verifying if homePage is visible
2025-06-01 20:39:14 INFO  Log:20 - Clicking on products section
2025-06-01 20:39:14 INFO  Log:20 - verifyed if sale logo is visible
2025-06-01 20:39:14 INFO  Log:20 - moving mouse to first product and clicking add to cart
2025-06-01 20:39:16 INFO  Log:20 - Moving to second element and clicking add to cart and selecting view cart from pop up
2025-06-01 20:39:18 INFO  Log:20 - verifying if cart page is visible
2025-06-01 20:39:18 INFO  Log:20 - verfying only 2 products are present in cart
2025-06-01 20:39:18 INFO  Log:20 - Verifying price and quantity total is same as displayed
2025-06-01 20:39:18 INFO  Log:13 - =====================================addProductsToCart TEST END=========================================
2025-06-01 20:39:22 INFO  Log:10 - =====================================subscriptionToMailFromCartPage TEST START=========================================
2025-06-01 20:39:22 INFO  Log:20 - Verify homepage is visible
2025-06-01 20:39:22 INFO  Log:20 - clicking on cart
2025-06-01 20:39:24 INFO  Log:20 - validating cart is loaded
2025-06-01 20:39:24 INFO  Log:20 - Scrolling down
2025-06-01 20:39:24 INFO  Log:20 - verifying if subscription box is loaded
2025-06-01 20:39:24 INFO  Log:20 - Filing email and submiting
2025-06-01 20:39:25 INFO  Log:20 - Validating success message
2025-06-01 20:39:25 INFO  Log:13 - =====================================subscriptionToMailFromCartPage TEST END=========================================
2025-06-01 20:39:29 INFO  Log:10 - =====================================verifyQuantityFromCart TEST START=========================================
2025-06-01 20:39:29 INFO  Log:20 - Verified Home Page is visible
2025-06-01 20:39:31 INFO  Log:20 - Clicked on product 5
2025-06-01 20:39:31 INFO  Log:20 - Verifying if products are visible
2025-06-01 20:39:32 INFO  Log:20 - verifying quantity is chaange to 4
2025-06-01 20:39:32 INFO  Log:20 - Clicked on Add to Cart Button
2025-06-01 20:39:33 INFO  Log:20 - Clicked on view cart from popup
2025-06-01 20:39:33 INFO  Log:20 - Getting quantity displayed and verifying its 4
2025-06-01 20:39:33 INFO  Log:13 - =====================================verifyQuantityFromCart TEST END=========================================
2025-06-01 20:39:43 INFO  Log:20 - Verifying if homePage is visible
2025-06-01 20:39:46 INFO  Log:20 - Clicking on products section
2025-06-01 20:39:46 INFO  Log:20 - verifyed if sale logo is visible
2025-06-01 20:39:46 INFO  Log:20 - moving mouse to first product and clicking add to cart
2025-06-01 20:39:47 INFO  Log:20 - Moving to second element and clicking add to cart and selecting view cart from pop up
2025-06-01 20:40:22 INFO  Log:10 - =====================================subscriptionToMailFromCartPage TEST START=========================================
2025-06-01 20:40:22 INFO  Log:20 - Verify homepage is visible
2025-06-01 20:40:22 INFO  Log:20 - clicking on cart
2025-06-01 20:40:24 INFO  Log:20 - validating cart is loaded
2025-06-01 20:40:24 INFO  Log:20 - Scrolling down
2025-06-01 20:40:24 INFO  Log:20 - verifying if subscription box is loaded
2025-06-01 20:40:24 INFO  Log:20 - Filing email and submiting
2025-06-01 20:40:24 INFO  Log:20 - Validating success message
2025-06-01 20:40:24 INFO  Log:13 - =====================================subscriptionToMailFromCartPage TEST END=========================================
2025-06-01 20:40:28 INFO  Log:10 - =====================================verifyQuantityFromCart TEST START=========================================
2025-06-01 20:40:28 INFO  Log:20 - Verified Home Page is visible
2025-06-01 20:40:28 INFO  Log:20 - Clicked on product 5
2025-06-01 20:41:04 INFO  Log:20 - Verifying if products are visible
2025-06-01 20:41:04 INFO  Log:20 - verifying quantity is chaange to 4
2025-06-01 20:41:05 INFO  Log:20 - Clicked on Add to Cart Button
2025-06-01 20:41:06 INFO  Log:20 - Clicked on view cart from popup
2025-06-01 20:41:06 INFO  Log:20 - Getting quantity displayed and verifying its 4
2025-06-01 20:41:06 INFO  Log:13 - =====================================verifyQuantityFromCart TEST END=========================================
2025-06-01 20:43:58 INFO  Log:20 - Verifying if homePage is visible
2025-06-01 20:44:01 INFO  Log:20 - Clicking on products section
2025-06-01 20:44:01 INFO  Log:20 - verifyed if sale logo is visible
2025-06-01 20:44:01 INFO  Log:20 - moving mouse to first product and clicking add to cart
2025-06-01 20:44:03 INFO  Log:20 - Moving to second element and clicking add to cart and selecting view cart from pop up
2025-06-01 20:44:06 INFO  Log:20 - verifying if cart page is visible
2025-06-01 20:44:06 INFO  Log:20 - verfying only 2 products are present in cart
2025-06-01 20:44:06 INFO  Log:20 - Verifying price and quantity total is same as displayed
2025-06-01 20:44:06 INFO  Log:13 - =====================================addProductsToCart TEST END=========================================
2025-06-01 20:44:19 INFO  Log:20 - Verifying if homePage is visible
2025-06-01 20:44:21 INFO  Log:20 - Clicking on products section
2025-06-01 20:44:21 INFO  Log:20 - verifyed if sale logo is visible
2025-06-01 20:44:21 INFO  Log:20 - moving mouse to first product and clicking add to cart
2025-06-01 20:44:22 INFO  Log:20 - Moving to second element and clicking add to cart and selecting view cart from pop up
2025-06-01 20:45:47 INFO  Log:20 - Verifying if homePage is visible
2025-06-01 20:45:47 INFO  Log:20 - Clicking on products section
2025-06-01 20:45:48 INFO  Log:20 - verifyed if sale logo is visible
2025-06-01 20:45:48 INFO  Log:20 - moving mouse to first product and clicking add to cart
2025-06-01 20:45:50 INFO  Log:20 - Moving to second element and clicking add to cart and selecting view cart from pop up
2025-06-01 20:45:52 INFO  Log:20 - verifying if cart page is visible
2025-06-01 20:45:52 INFO  Log:20 - verfying only 2 products are present in cart
2025-06-01 20:45:52 INFO  Log:20 - Verifying price and quantity total is same as displayed
2025-06-01 20:45:53 INFO  Log:13 - =====================================addProductsToCart TEST END=========================================
2025-06-01 20:46:03 INFO  Log:20 - Verifying if homePage is visible
2025-06-01 20:46:11 INFO  Log:20 - Clicking on products section
2025-06-01 20:46:11 INFO  Log:20 - verifyed if sale logo is visible
2025-06-01 20:46:11 INFO  Log:20 - moving mouse to first product and clicking add to cart
2025-06-01 20:46:44 INFO  Log:20 - Verifying if homePage is visible
2025-06-01 20:46:46 INFO  Log:20 - Clicking on products section
2025-06-01 20:46:46 INFO  Log:20 - verifyed if sale logo is visible
2025-06-01 20:46:46 INFO  Log:20 - moving mouse to first product and clicking add to cart
2025-06-01 20:46:49 INFO  Log:20 - Moving to second element and clicking add to cart and selecting view cart from pop up
2025-06-01 20:46:52 INFO  Log:20 - verifying if cart page is visible
2025-06-01 20:46:52 INFO  Log:20 - verfying only 2 products are present in cart
2025-06-01 20:46:52 INFO  Log:20 - Verifying price and quantity total is same as displayed
2025-06-01 20:46:52 INFO  Log:13 - =====================================addProductsToCart TEST END=========================================
2025-06-01 20:47:03 INFO  Log:20 - Verifying if homePage is visible
2025-06-01 20:47:05 INFO  Log:20 - Clicking on products section
2025-06-01 20:47:06 INFO  Log:20 - verifyed if sale logo is visible
2025-06-01 20:47:06 INFO  Log:20 - moving mouse to first product and clicking add to cart
2025-06-01 20:47:07 INFO  Log:20 - Moving to second element and clicking add to cart and selecting view cart from pop up
2025-06-01 20:47:10 INFO  Log:20 - verifying if cart page is visible
2025-06-01 20:47:10 INFO  Log:20 - verfying only 2 products are present in cart
2025-06-01 20:47:10 INFO  Log:20 - Verifying price and quantity total is same as displayed
2025-06-01 20:47:10 INFO  Log:13 - =====================================addProductsToCart TEST END=========================================
2025-06-01 20:47:21 INFO  Log:20 - Verifying if homePage is visible
2025-06-01 20:47:23 INFO  Log:20 - Clicking on products section
2025-06-01 20:47:24 INFO  Log:20 - verifyed if sale logo is visible
2025-06-01 20:47:24 INFO  Log:20 - moving mouse to first product and clicking add to cart
2025-06-01 20:47:26 INFO  Log:20 - Moving to second element and clicking add to cart and selecting view cart from pop up
2025-06-01 20:47:29 INFO  Log:20 - verifying if cart page is visible
2025-06-01 20:47:29 INFO  Log:20 - verfying only 2 products are present in cart
2025-06-01 20:47:29 INFO  Log:20 - Verifying price and quantity total is same as displayed
2025-06-01 20:47:29 INFO  Log:13 - =====================================addProductsToCart TEST END=========================================
2025-06-01 20:48:04 INFO  Log:10 - =====================================subscriptionToMailFromCartPage TEST START=========================================
2025-06-01 20:48:04 INFO  Log:20 - Verify homepage is visible
2025-06-01 20:48:04 INFO  Log:20 - clicking on cart
2025-06-01 20:48:06 INFO  Log:20 - validating cart is loaded
2025-06-01 20:48:06 INFO  Log:20 - Scrolling down
2025-06-01 20:48:07 INFO  Log:20 - verifying if subscription box is loaded
2025-06-01 20:48:07 INFO  Log:20 - Filing email and submiting
2025-06-01 20:48:07 INFO  Log:20 - Validating success message
2025-06-01 20:48:07 INFO  Log:13 - =====================================subscriptionToMailFromCartPage TEST END=========================================
2025-06-01 20:48:23 INFO  Log:20 - Verifying if homePage is visible
2025-06-01 20:48:25 INFO  Log:20 - Clicking on products section
2025-06-01 20:48:26 INFO  Log:20 - verifyed if sale logo is visible
2025-06-01 20:48:26 INFO  Log:20 - moving mouse to first product and clicking add to cart
2025-06-01 20:48:28 INFO  Log:20 - Moving to second element and clicking add to cart and selecting view cart from pop up
2025-06-01 20:48:31 INFO  Log:20 - verifying if cart page is visible
2025-06-01 20:48:31 INFO  Log:20 - verfying only 2 products are present in cart
2025-06-01 20:48:31 INFO  Log:20 - Verifying price and quantity total is same as displayed
2025-06-01 20:48:31 INFO  Log:13 - =====================================addProductsToCart TEST END=========================================
2025-06-01 20:48:35 INFO  Log:10 - =====================================subscriptionToMailFromCartPage TEST START=========================================
2025-06-01 20:48:35 INFO  Log:20 - Verify homepage is visible
2025-06-01 20:48:35 INFO  Log:20 - clicking on cart
2025-06-01 20:48:37 INFO  Log:20 - validating cart is loaded
2025-06-01 20:48:37 INFO  Log:20 - Scrolling down
2025-06-01 20:48:37 INFO  Log:20 - verifying if subscription box is loaded
2025-06-01 20:48:37 INFO  Log:20 - Filing email and submiting
2025-06-01 20:48:38 INFO  Log:20 - Validating success message
2025-06-01 20:48:38 INFO  Log:13 - =====================================subscriptionToMailFromCartPage TEST END=========================================
2025-06-01 20:48:41 INFO  Log:10 - =====================================verifyQuantityFromCart TEST START=========================================
2025-06-01 20:48:42 INFO  Log:20 - Verified Home Page is visible
2025-06-01 20:48:43 INFO  Log:20 - Clicked on product 5
2025-06-01 20:48:44 INFO  Log:20 - Verifying if products are visible
2025-06-01 20:48:44 INFO  Log:20 - verifying quantity is chaange to 4
2025-06-01 20:48:44 INFO  Log:20 - Clicked on Add to Cart Button
2025-06-01 20:48:45 INFO  Log:20 - Clicked on view cart from popup
2025-06-01 20:48:45 INFO  Log:20 - Getting quantity displayed and verifying its 4
2025-06-01 20:48:45 INFO  Log:13 - =====================================verifyQuantityFromCart TEST END=========================================
2025-06-01 20:49:45 INFO  Log:20 - Verifying if homePage is visible
2025-06-01 20:49:46 INFO  Log:20 - Clicking on products section
2025-06-01 20:49:47 INFO  Log:20 - verifyed if sale logo is visible
2025-06-01 20:49:47 INFO  Log:20 - moving mouse to first product and clicking add to cart
2025-06-01 20:49:49 INFO  Log:20 - Moving to second element and clicking add to cart and selecting view cart from pop up
2025-06-01 20:49:50 INFO  Log:20 - verifying if cart page is visible
2025-06-01 20:49:50 INFO  Log:20 - verfying only 2 products are present in cart
2025-06-01 20:49:50 INFO  Log:20 - Verifying price and quantity total is same as displayed
2025-06-01 20:49:51 INFO  Log:13 - =====================================addProductsToCart TEST END=========================================
2025-06-01 20:49:54 INFO  Log:10 - =====================================subscriptionToMailFromCartPage TEST START=========================================
2025-06-01 20:49:54 INFO  Log:20 - Verify homepage is visible
2025-06-01 20:49:54 INFO  Log:20 - clicking on cart
2025-06-01 20:49:56 INFO  Log:20 - validating cart is loaded
2025-06-01 20:49:56 INFO  Log:20 - Scrolling down
2025-06-01 20:49:56 INFO  Log:20 - verifying if subscription box is loaded
2025-06-01 20:49:56 INFO  Log:20 - Filing email and submiting
2025-06-01 20:49:56 INFO  Log:20 - Validating success message
2025-06-01 20:49:56 INFO  Log:13 - =====================================subscriptionToMailFromCartPage TEST END=========================================
2025-06-01 20:50:00 INFO  Log:10 - =====================================verifyQuantityFromCart TEST START=========================================
2025-06-01 20:50:00 INFO  Log:20 - Verified Home Page is visible
2025-06-01 20:50:02 INFO  Log:20 - Clicked on product 5
2025-06-01 20:50:02 INFO  Log:20 - Verifying if products are visible
2025-06-01 20:50:03 INFO  Log:20 - verifying quantity is chaange to 4
2025-06-01 20:50:03 INFO  Log:20 - Clicked on Add to Cart Button
2025-06-01 20:50:04 INFO  Log:20 - Clicked on view cart from popup
2025-06-01 20:50:04 INFO  Log:20 - Getting quantity displayed and verifying its 4
2025-06-01 20:50:04 INFO  Log:13 - =====================================verifyQuantityFromCart TEST END=========================================
2025-06-01 20:50:54 INFO  Log:20 - Verifying if homePage is visible
2025-06-01 20:50:56 INFO  Log:20 - Clicking on products section
2025-06-01 20:50:56 INFO  Log:20 - verifyed if sale logo is visible
2025-06-01 20:50:56 INFO  Log:20 - moving mouse to first product and clicking add to cart
2025-06-01 20:50:58 INFO  Log:20 - Moving to second element and clicking add to cart and selecting view cart from pop up
2025-06-01 20:51:00 INFO  Log:20 - verifying if cart page is visible
2025-06-01 20:51:00 INFO  Log:20 - verfying only 2 products are present in cart
2025-06-01 20:51:00 INFO  Log:20 - Verifying price and quantity total is same as displayed
2025-06-01 20:51:00 INFO  Log:13 - =====================================addProductsToCart TEST END=========================================
2025-06-01 20:51:04 INFO  Log:10 - =====================================subscriptionToMailFromCartPage TEST START=========================================
2025-06-01 20:51:04 INFO  Log:20 - Verify homepage is visible
2025-06-01 20:51:05 INFO  Log:20 - clicking on cart
2025-06-01 20:51:06 INFO  Log:20 - validating cart is loaded
2025-06-01 20:51:06 INFO  Log:20 - Scrolling down
2025-06-01 20:51:06 INFO  Log:20 - verifying if subscription box is loaded
2025-06-01 20:51:06 INFO  Log:20 - Filing email and submiting
2025-06-01 20:51:07 INFO  Log:20 - Validating success message
2025-06-01 20:51:07 INFO  Log:13 - =====================================subscriptionToMailFromCartPage TEST END=========================================
2025-06-01 20:51:11 INFO  Log:10 - =====================================verifyQuantityFromCart TEST START=========================================
2025-06-01 20:51:11 INFO  Log:20 - Verified Home Page is visible
2025-06-01 20:51:12 INFO  Log:20 - Clicked on product 5
2025-06-01 20:51:13 INFO  Log:20 - Verifying if products are visible
2025-06-01 20:51:13 INFO  Log:20 - verifying quantity is chaange to 4
2025-06-01 20:51:13 INFO  Log:20 - Clicked on Add to Cart Button
2025-06-01 20:51:14 INFO  Log:20 - Clicked on view cart from popup
2025-06-01 20:51:15 INFO  Log:20 - Getting quantity displayed and verifying its 4
2025-06-01 20:51:15 INFO  Log:13 - =====================================verifyQuantityFromCart TEST END=========================================
2025-06-01 22:56:04 INFO  Log:20 - Verified Home page is Visible
2025-06-01 22:56:24 INFO  Log:20 - Verified Home page is Visible
2025-06-01 22:56:58 INFO  Log:20 - Verified Home page is Visible
2025-06-01 22:57:51 INFO  Log:20 - Verified Home page is Visible
2025-06-01 22:59:31 INFO  Log:20 - Verified Home page is Visible
2025-06-01 23:00:15 INFO  Log:20 - Verified Home page is Visible
2025-06-02 01:12:44 INFO  Log:20 - Verified Home page is Visible
2025-06-02 01:12:47 INFO  Log:20 - Added 2 products to cart
2025-06-02 01:12:48 INFO  Log:20 - Clicked on cart
2025-06-02 01:12:48 INFO  Log:20 - Verified Cart Page is Visible
2025-06-02 01:12:48 INFO  Log:20 - Clicked on Proceed to checkout Button
2025-06-02 01:12:48 INFO  Log:20 - Clicking on register/Login from PopUp
2025-06-02 01:12:48 INFO  Log:20 - Filling user name and Email in SignUp section and clicking SignUp Button
2025-06-02 01:14:34 INFO  Log:20 - Verified Home page is Visible
2025-06-02 01:14:38 INFO  Log:20 - Added 2 products to cart
2025-06-02 01:14:38 INFO  Log:20 - Clicked on cart
2025-06-02 01:14:38 INFO  Log:20 - Verified Cart Page is Visible
2025-06-02 01:14:39 INFO  Log:20 - Clicked on Proceed to checkout Button
2025-06-02 01:14:39 INFO  Log:20 - Clicking on register/Login from PopUp
2025-06-02 01:14:39 INFO  Log:20 - Filling user name and Email in SignUp section and clicking SignUp Button
2025-06-02 01:16:50 INFO  Log:20 - Verified Home page is Visible
2025-06-02 01:16:53 INFO  Log:20 - Added 2 products to cart
2025-06-02 01:16:53 INFO  Log:20 - Clicked on cart
2025-06-02 01:16:54 INFO  Log:20 - Verified Cart Page is Visible
2025-06-02 01:16:54 INFO  Log:20 - Clicked on Proceed to checkout Button
2025-06-02 01:16:54 INFO  Log:20 - Clicking on register/Login from PopUp
2025-06-02 01:16:54 INFO  Log:20 - Filling user name and Email in SignUp section and clicking SignUp Button
2025-06-02 01:19:07 INFO  Log:20 - Verified Home page is Visible
2025-06-02 01:19:10 INFO  Log:20 - Added 2 products to cart
2025-06-02 01:19:11 INFO  Log:20 - Clicked on cart
2025-06-02 01:19:11 INFO  Log:20 - Verified Cart Page is Visible
2025-06-02 01:19:11 INFO  Log:20 - Clicked on Proceed to checkout Button
2025-06-02 01:19:11 INFO  Log:20 - Clicking on register/Login from PopUp
2025-06-02 01:19:11 INFO  Log:20 - Filling user name and Email in SignUp section and clicking SignUp Button
2025-06-02 01:21:40 INFO  Log:20 - Verified Home page is Visible
2025-06-02 01:21:43 INFO  Log:20 - Added 2 products to cart
2025-06-02 01:21:44 INFO  Log:20 - Clicked on cart
2025-06-02 01:21:44 INFO  Log:20 - Verified Cart Page is Visible
2025-06-02 01:21:44 INFO  Log:20 - Clicked on Proceed to checkout Button
2025-06-02 01:21:44 INFO  Log:20 - Clicking on register/Login from PopUp
2025-06-02 01:21:45 INFO  Log:20 - Filling user name and Email in SignUp section and clicking SignUp Button
2025-06-02 01:21:46 INFO  Log:20 - Verified name and emial is populated
2025-06-02 01:21:51 INFO  Log:20 - Filling SignUp Form and creating account
2025-06-02 01:21:51 INFO  Log:20 - Validated Account is created
2025-06-02 01:21:51 INFO  Log:20 - Clicked on continue Button
2025-06-02 01:21:52 INFO  Log:20 - Verified Home Page is visible
2025-06-02 01:21:52 INFO  Log:20 - Verified Created User is Visible
2025-06-02 01:21:53 INFO  Log:20 - Clicked on Cart
2025-06-02 01:21:54 INFO  Log:20 - Clicked on Proceed to checkOut button
2025-06-02 01:21:54 INFO  Log:20 - Billing Address is Visible
2025-06-02 01:21:54 INFO  Log:20 - Delivery Addresss is Visible
2025-06-02 01:21:55 INFO  Log:20 - Comments added for order
2025-06-02 15:33:32 INFO  Log:20 - Verified Home page is Visible
2025-06-02 15:33:36 INFO  Log:20 - Added 2 products to cart
2025-06-02 15:33:37 INFO  Log:20 - Clicked on cart
2025-06-02 15:33:37 INFO  Log:20 - Verified Cart Page is Visible
2025-06-02 15:33:37 INFO  Log:20 - Clicked on Proceed to checkout Button
2025-06-02 15:33:37 INFO  Log:20 - Clicking on register/Login from PopUp
2025-06-02 15:33:38 INFO  Log:20 - Filling user name and Email in SignUp section and clicking SignUp Button
2025-06-02 15:33:49 INFO  Log:20 - Verified name and emial is populated
2025-06-02 15:33:55 INFO  Log:20 - Filling SignUp Form and creating account
2025-06-02 15:33:55 INFO  Log:20 - Validated Account is created
2025-06-02 15:33:56 INFO  Log:20 - Clicked on continue Button
2025-06-02 15:33:56 INFO  Log:20 - Verified Home Page is visible
2025-06-02 15:33:56 INFO  Log:20 - Verified Created User is Visible
2025-06-02 15:33:57 INFO  Log:20 - Clicked on Cart
2025-06-02 15:33:59 INFO  Log:20 - Clicked on Proceed to checkOut button
2025-06-02 15:33:59 INFO  Log:20 - Billing Address is Visible
2025-06-02 15:33:59 INFO  Log:20 - Delivery Addresss is Visible
2025-06-02 15:33:59 INFO  Log:20 - Comments added for order
2025-06-02 15:46:19 INFO  Log:20 - Verified Home page is Visible
2025-06-02 15:46:22 INFO  Log:20 - Added 2 products to cart
2025-06-02 15:46:23 INFO  Log:20 - Clicked on cart
2025-06-02 15:46:23 INFO  Log:20 - Verified Cart Page is Visible
2025-06-02 15:46:23 INFO  Log:20 - Clicked on Proceed to checkout Button
2025-06-02 15:46:23 INFO  Log:20 - Clicking on register/Login from PopUp
2025-06-02 15:46:24 INFO  Log:20 - Filling user name and Email in SignUp section and clicking SignUp Button
2025-06-02 15:46:34 INFO  Log:20 - Verified name and emial is populated
2025-06-02 15:46:39 INFO  Log:20 - Filling SignUp Form and creating account
2025-06-02 15:46:39 INFO  Log:20 - Validated Account is created
2025-06-02 15:46:40 INFO  Log:20 - Clicked on continue Button
2025-06-02 15:46:40 INFO  Log:20 - Verified Home Page is visible
2025-06-02 15:46:40 INFO  Log:20 - Verified Created User is Visible
2025-06-02 15:46:41 INFO  Log:20 - Clicked on Cart
2025-06-02 15:46:43 INFO  Log:20 - Clicked on Proceed to checkOut button
2025-06-02 15:46:43 INFO  Log:20 - Billing Address is Visible
2025-06-02 15:46:43 INFO  Log:20 - Delivery Addresss is Visible
2025-06-02 15:46:43 INFO  Log:20 - Comments added for order
2025-06-02 15:50:34 INFO  Log:20 - Verified Home page is Visible
2025-06-02 15:50:37 INFO  Log:20 - Added 2 products to cart
2025-06-02 15:50:38 INFO  Log:20 - Clicked on cart
2025-06-02 15:50:38 INFO  Log:20 - Verified Cart Page is Visible
2025-06-02 15:50:38 INFO  Log:20 - Clicked on Proceed to checkout Button
2025-06-02 15:50:38 INFO  Log:20 - Clicking on register/Login from PopUp
2025-06-02 15:50:39 INFO  Log:20 - Filling user name and Email in SignUp section and clicking SignUp Button
2025-06-02 15:50:45 INFO  Log:20 - Verified name and emial is populated
2025-06-02 15:50:50 INFO  Log:20 - Filling SignUp Form and creating account
2025-06-02 15:50:50 INFO  Log:20 - Validated Account is created
2025-06-02 15:50:51 INFO  Log:20 - Clicked on continue Button
2025-06-02 15:50:51 INFO  Log:20 - Verified Home Page is visible
2025-06-02 15:50:51 INFO  Log:20 - Verified Created User is Visible
2025-06-02 15:50:52 INFO  Log:20 - Clicked on Cart
2025-06-02 15:50:54 INFO  Log:20 - Clicked on Proceed to checkOut button
2025-06-02 15:50:54 INFO  Log:20 - Billing Address is Visible
2025-06-02 15:50:54 INFO  Log:20 - Delivery Addresss is Visible
2025-06-02 15:50:55 INFO  Log:20 - Comments added for order
2025-06-02 15:55:36 INFO  Log:20 - Verified Home page is Visible
2025-06-02 15:55:39 INFO  Log:20 - Added 2 products to cart
2025-06-02 15:55:40 INFO  Log:20 - Clicked on cart
2025-06-02 15:55:40 INFO  Log:20 - Verified Cart Page is Visible
2025-06-02 15:55:40 INFO  Log:20 - Clicked on Proceed to checkout Button
2025-06-02 15:55:40 INFO  Log:20 - Clicking on register/Login from PopUp
2025-06-02 15:55:41 INFO  Log:20 - Filling user name and Email in SignUp section and clicking SignUp Button
2025-06-02 15:55:46 INFO  Log:20 - Verified name and emial is populated
2025-06-02 15:55:51 INFO  Log:20 - Filling SignUp Form and creating account
2025-06-02 15:55:51 INFO  Log:20 - Validated Account is created
2025-06-02 15:55:52 INFO  Log:20 - Clicked on continue Button
2025-06-02 15:55:53 INFO  Log:20 - Verified Home Page is visible
2025-06-02 15:55:53 INFO  Log:20 - Verified Created User is Visible
2025-06-02 15:55:54 INFO  Log:20 - Clicked on Cart
2025-06-02 15:55:55 INFO  Log:20 - Clicked on Proceed to checkOut button
2025-06-02 15:55:55 INFO  Log:20 - Billing Address is Visible
2025-06-02 15:55:55 INFO  Log:20 - Delivery Addresss is Visible
2025-06-02 15:55:56 INFO  Log:20 - Comments added for order
2025-06-02 16:09:36 INFO  Log:20 - Verified Home page is Visible
2025-06-02 16:09:39 INFO  Log:20 - Added 2 products to cart
2025-06-02 16:09:39 INFO  Log:20 - Clicked on cart
2025-06-02 16:09:39 INFO  Log:20 - Verified Cart Page is Visible
2025-06-02 16:09:40 INFO  Log:20 - Clicked on Proceed to checkout Button
2025-06-02 16:09:40 INFO  Log:20 - Clicking on register/Login from PopUp
2025-06-02 16:09:40 INFO  Log:20 - Filling user name and Email in SignUp section and clicking SignUp Button
2025-06-02 16:09:45 INFO  Log:20 - Verified name and emial is populated
2025-06-02 16:09:51 INFO  Log:20 - Filling SignUp Form and creating account
2025-06-02 16:09:51 INFO  Log:20 - Validated Account is created
2025-06-02 16:09:52 INFO  Log:20 - Clicked on continue Button
2025-06-02 16:09:52 INFO  Log:20 - Verified Home Page is visible
2025-06-02 16:09:52 INFO  Log:20 - Verified Created User is Visible
2025-06-02 16:09:53 INFO  Log:20 - Clicked on Cart
2025-06-02 16:09:54 INFO  Log:20 - Clicked on Proceed to checkOut button
2025-06-02 16:09:54 INFO  Log:20 - Billing Address is Visible
2025-06-02 16:09:54 INFO  Log:20 - Delivery Addresss is Visible
2025-06-02 16:09:55 INFO  Log:20 - Comments added for order
2025-06-02 16:10:28 INFO  Log:20 - Verified Home page is Visible
2025-06-02 16:10:31 INFO  Log:20 - Added 2 products to cart
2025-06-02 16:10:32 INFO  Log:20 - Clicked on cart
2025-06-02 16:10:32 INFO  Log:20 - Verified Cart Page is Visible
2025-06-02 16:10:32 INFO  Log:20 - Clicked on Proceed to checkout Button
2025-06-02 16:10:32 INFO  Log:20 - Clicking on register/Login from PopUp
2025-06-02 16:10:33 INFO  Log:20 - Filling user name and Email in SignUp section and clicking SignUp Button
2025-06-02 16:10:38 INFO  Log:20 - Verified name and emial is populated
2025-06-02 16:10:44 INFO  Log:20 - Filling SignUp Form and creating account
2025-06-02 16:10:44 INFO  Log:20 - Validated Account is created
2025-06-02 16:10:45 INFO  Log:20 - Clicked on continue Button
2025-06-02 16:10:45 INFO  Log:20 - Verified Home Page is visible
2025-06-02 16:10:45 INFO  Log:20 - Verified Created User is Visible
2025-06-02 16:10:46 INFO  Log:20 - Clicked on Cart
2025-06-02 16:10:49 INFO  Log:20 - Clicked on Proceed to checkOut button
2025-06-02 16:10:49 INFO  Log:20 - Billing Address is Visible
2025-06-02 16:10:49 INFO  Log:20 - Delivery Addresss is Visible
2025-06-02 16:10:49 INFO  Log:20 - Comments added for order
2025-06-02 16:13:03 INFO  Log:20 - Verified Home page is Visible
2025-06-02 16:13:06 INFO  Log:20 - Added 2 products to cart
2025-06-02 16:13:07 INFO  Log:20 - Clicked on cart
2025-06-02 16:13:07 INFO  Log:20 - Verified Cart Page is Visible
2025-06-02 16:13:07 INFO  Log:20 - Clicked on Proceed to checkout Button
2025-06-02 16:13:07 INFO  Log:20 - Clicking on register/Login from PopUp
2025-06-02 16:13:08 INFO  Log:20 - Filling user name and Email in SignUp section and clicking SignUp Button
2025-06-02 16:13:12 INFO  Log:20 - Verified name and emial is populated
2025-06-02 16:13:17 INFO  Log:20 - Filling SignUp Form and creating account
2025-06-02 16:13:17 INFO  Log:20 - Validated Account is created
2025-06-02 16:13:17 INFO  Log:20 - Clicked on continue Button
2025-06-02 16:13:17 INFO  Log:20 - Verified Home Page is visible
2025-06-02 16:13:18 INFO  Log:20 - Verified Created User is Visible
2025-06-02 16:13:19 INFO  Log:20 - Clicked on Cart
2025-06-02 16:13:20 INFO  Log:20 - Clicked on Proceed to checkOut button
2025-06-02 16:13:20 INFO  Log:20 - Billing Address is Visible
2025-06-02 16:13:20 INFO  Log:20 - Delivery Addresss is Visible
2025-06-02 16:13:21 INFO  Log:20 - Comments added for order
2025-06-02 16:13:50 INFO  Log:20 - Verified Home page is Visible
2025-06-02 16:13:53 INFO  Log:20 - Added 2 products to cart
2025-06-02 16:13:53 INFO  Log:20 - Clicked on cart
2025-06-02 16:13:53 INFO  Log:20 - Verified Cart Page is Visible
2025-06-02 16:13:54 INFO  Log:20 - Clicked on Proceed to checkout Button
2025-06-02 16:13:54 INFO  Log:20 - Clicking on register/Login from PopUp
2025-06-02 16:13:54 INFO  Log:20 - Filling user name and Email in SignUp section and clicking SignUp Button
2025-06-02 16:13:56 INFO  Log:20 - Verified name and emial is populated
2025-06-02 16:14:00 INFO  Log:20 - Filling SignUp Form and creating account
2025-06-02 16:14:00 INFO  Log:20 - Validated Account is created
2025-06-02 16:14:01 INFO  Log:20 - Clicked on continue Button
2025-06-02 16:14:01 INFO  Log:20 - Verified Home Page is visible
2025-06-02 16:14:01 INFO  Log:20 - Verified Created User is Visible
2025-06-02 16:14:03 INFO  Log:20 - Clicked on Cart
2025-06-02 16:14:04 INFO  Log:20 - Clicked on Proceed to checkOut button
2025-06-02 16:14:04 INFO  Log:20 - Billing Address is Visible
2025-06-02 16:14:04 INFO  Log:20 - Delivery Addresss is Visible
2025-06-02 16:14:04 INFO  Log:20 - Comments added for order
2025-06-02 16:25:18 INFO  Log:20 - Verified Home page is Visible
2025-06-02 16:25:22 INFO  Log:20 - Added 2 products to cart
2025-06-02 16:25:22 INFO  Log:20 - Clicked on cart
2025-06-02 16:25:23 INFO  Log:20 - Verified Cart Page is Visible
2025-06-02 16:25:23 INFO  Log:20 - Clicked on Proceed to checkout Button
2025-06-02 16:25:23 INFO  Log:20 - Clicking on register/Login from PopUp
2025-06-02 16:25:23 INFO  Log:20 - Filling user name and Email in SignUp section and clicking SignUp Button
2025-06-02 16:25:27 INFO  Log:20 - Verified name and emial is populated
2025-06-02 16:25:30 INFO  Log:20 - Filling SignUp Form and creating account
2025-06-02 16:25:30 INFO  Log:20 - Validated Account is created
2025-06-02 16:25:31 INFO  Log:20 - Clicked on continue Button
2025-06-02 16:25:31 INFO  Log:20 - Verified Home Page is visible
2025-06-02 16:25:31 INFO  Log:20 - Verified Created User is Visible
2025-06-02 16:25:32 INFO  Log:20 - Clicked on Cart
2025-06-02 16:25:34 INFO  Log:20 - Clicked on Proceed to checkOut button
2025-06-02 16:25:34 INFO  Log:20 - Billing Address is Visible
2025-06-02 16:25:34 INFO  Log:20 - Delivery Addresss is Visible
2025-06-02 16:25:34 INFO  Log:20 - Comments added for order
2025-06-02 16:28:36 INFO  Log:20 - Verified Home page is Visible
2025-06-02 16:29:06 INFO  Log:20 - Verified Home page is Visible
2025-06-02 16:29:09 INFO  Log:20 - Added 2 products to cart
2025-06-02 16:29:10 INFO  Log:20 - Clicked on cart
2025-06-02 16:29:10 INFO  Log:20 - Verified Cart Page is Visible
2025-06-02 16:29:10 INFO  Log:20 - Clicked on Proceed to checkout Button
2025-06-02 16:29:10 INFO  Log:20 - Clicking on register/Login from PopUp
2025-06-02 16:29:10 INFO  Log:20 - Filling user name and Email in SignUp section and clicking SignUp Button
2025-06-02 16:29:15 INFO  Log:20 - Verified name and emial is populated
2025-06-02 16:29:19 INFO  Log:20 - Filling SignUp Form and creating account
2025-06-02 16:29:19 INFO  Log:20 - Validated Account is created
2025-06-02 16:29:20 INFO  Log:20 - Clicked on continue Button
2025-06-02 16:29:20 INFO  Log:20 - Verified Home Page is visible
2025-06-02 16:29:20 INFO  Log:20 - Verified Created User is Visible
2025-06-02 16:29:22 INFO  Log:20 - Clicked on Cart
2025-06-02 16:29:24 INFO  Log:20 - Clicked on Proceed to checkOut button
2025-06-02 16:29:24 INFO  Log:20 - Billing Address is Visible
2025-06-02 16:29:24 INFO  Log:20 - Delivery Addresss is Visible
2025-06-02 16:29:24 INFO  Log:20 - Comments added for order
2025-06-02 16:32:52 INFO  Log:20 - Verified Home page is Visible
2025-06-02 16:32:55 INFO  Log:20 - Added 2 products to cart
2025-06-02 16:32:56 INFO  Log:20 - Clicked on cart
2025-06-02 16:32:56 INFO  Log:20 - Verified Cart Page is Visible
2025-06-02 16:32:56 INFO  Log:20 - Clicked on Proceed to checkout Button
2025-06-02 16:32:57 INFO  Log:20 - Clicking on register/Login from PopUp
2025-06-02 16:32:57 INFO  Log:20 - Filling user name and Email in SignUp section and clicking SignUp Button
2025-06-02 16:33:09 INFO  Log:20 - Verified name and emial is populated
2025-06-02 16:33:13 INFO  Log:20 - Filling SignUp Form and creating account
2025-06-02 16:33:14 INFO  Log:20 - Validated Account is created
2025-06-02 16:33:14 INFO  Log:20 - Clicked on continue Button
2025-06-02 16:33:14 INFO  Log:20 - Verified Home Page is visible
2025-06-02 16:33:14 INFO  Log:20 - Verified Created User is Visible
2025-06-02 16:33:16 INFO  Log:20 - Clicked on Cart
2025-06-02 16:33:17 INFO  Log:20 - Clicked on Proceed to checkOut button
2025-06-02 16:33:17 INFO  Log:20 - Billing Address is Visible
2025-06-02 16:33:17 INFO  Log:20 - Delivery Addresss is Visible
2025-06-02 16:33:18 INFO  Log:20 - Comments added for order
2025-06-02 16:39:43 INFO  Log:20 - Verified Home page is Visible
2025-06-02 16:39:46 INFO  Log:20 - Added 2 products to cart
2025-06-02 16:39:46 INFO  Log:20 - Clicked on cart
2025-06-02 16:39:46 INFO  Log:20 - Verified Cart Page is Visible
2025-06-02 16:39:47 INFO  Log:20 - Clicked on Proceed to checkout Button
2025-06-02 16:39:47 INFO  Log:20 - Clicking on register/Login from PopUp
2025-06-02 16:39:47 INFO  Log:20 - Filling user name and Email in SignUp section and clicking SignUp Button
2025-06-02 16:39:52 INFO  Log:20 - Verified name and emial is populated
2025-06-02 16:39:56 INFO  Log:20 - Filling SignUp Form and creating account
2025-06-02 16:39:56 INFO  Log:20 - Validated Account is created
2025-06-02 16:39:57 INFO  Log:20 - Clicked on continue Button
2025-06-02 16:39:57 INFO  Log:20 - Verified Home Page is visible
2025-06-02 16:39:57 INFO  Log:20 - Verified Created User is Visible
2025-06-02 16:39:59 INFO  Log:20 - Clicked on Cart
2025-06-02 16:40:01 INFO  Log:20 - Clicked on Proceed to checkOut button
2025-06-02 16:40:01 INFO  Log:20 - Billing Address is Visible
2025-06-02 16:40:01 INFO  Log:20 - Delivery Addresss is Visible
2025-06-02 16:40:01 INFO  Log:20 - Comments added for order
2025-06-02 16:41:48 INFO  Log:20 - Verified Home page is Visible
2025-06-02 16:41:50 INFO  Log:20 - Added 2 products to cart
2025-06-02 16:41:51 INFO  Log:20 - Clicked on cart
2025-06-02 16:41:51 INFO  Log:20 - Verified Cart Page is Visible
2025-06-02 16:41:52 INFO  Log:20 - Clicked on Proceed to checkout Button
2025-06-02 16:41:52 INFO  Log:20 - Clicking on register/Login from PopUp
2025-06-02 16:41:52 INFO  Log:20 - Filling user name and Email in SignUp section and clicking SignUp Button
2025-06-02 16:41:57 INFO  Log:20 - Verified name and emial is populated
2025-06-02 16:42:02 INFO  Log:20 - Filling SignUp Form and creating account
2025-06-02 16:42:02 INFO  Log:20 - Validated Account is created
2025-06-02 16:42:02 INFO  Log:20 - Clicked on continue Button
2025-06-02 16:42:02 INFO  Log:20 - Verified Home Page is visible
2025-06-02 16:42:03 INFO  Log:20 - Verified Created User is Visible
2025-06-02 16:42:05 INFO  Log:20 - Clicked on Cart
2025-06-02 16:42:07 INFO  Log:20 - Clicked on Proceed to checkOut button
2025-06-02 16:42:07 INFO  Log:20 - Billing Address is Visible
2025-06-02 16:42:07 INFO  Log:20 - Delivery Addresss is Visible
2025-06-02 16:42:07 INFO  Log:20 - Comments added for order
2025-06-02 16:46:45 INFO  Log:20 - Verified Home page is Visible
2025-06-02 16:47:05 INFO  Log:20 - Verified Home page is Visible
2025-06-02 16:47:25 INFO  Log:20 - Verified Home page is Visible
2025-06-02 16:47:28 INFO  Log:20 - Added 2 products to cart
2025-06-02 16:47:29 INFO  Log:20 - Clicked on cart
2025-06-02 16:47:29 INFO  Log:20 - Verified Cart Page is Visible
2025-06-02 16:47:29 INFO  Log:20 - Clicked on Proceed to checkout Button
2025-06-02 16:47:29 INFO  Log:20 - Clicking on register/Login from PopUp
2025-06-02 16:47:30 INFO  Log:20 - Filling user name and Email in SignUp section and clicking SignUp Button
2025-06-02 16:47:34 INFO  Log:20 - Verified name and emial is populated
2025-06-02 16:47:39 INFO  Log:20 - Filling SignUp Form and creating account
2025-06-02 16:47:39 INFO  Log:20 - Validated Account is created
2025-06-02 16:47:39 INFO  Log:20 - Clicked on continue Button
2025-06-02 16:47:39 INFO  Log:20 - Verified Home Page is visible
2025-06-02 16:47:39 INFO  Log:20 - Verified Created User is Visible
2025-06-02 16:47:40 INFO  Log:20 - Clicked on Cart
2025-06-02 16:47:42 INFO  Log:20 - Clicked on Proceed to checkOut button
2025-06-02 16:47:42 INFO  Log:20 - Billing Address is Visible
2025-06-02 16:47:42 INFO  Log:20 - Delivery Addresss is Visible
2025-06-02 16:47:42 INFO  Log:20 - Comments added for order
2025-06-02 16:49:49 INFO  Log:20 - Verified Home page is Visible
2025-06-02 16:49:53 INFO  Log:20 - Added 2 products to cart
2025-06-02 16:49:54 INFO  Log:20 - Clicked on cart
2025-06-02 16:49:54 INFO  Log:20 - Verified Cart Page is Visible
2025-06-02 16:49:54 INFO  Log:20 - Clicked on Proceed to checkout Button
2025-06-02 16:49:54 INFO  Log:20 - Clicking on register/Login from PopUp
2025-06-02 16:49:55 INFO  Log:20 - Filling user name and Email in SignUp section and clicking SignUp Button
2025-06-02 16:49:59 INFO  Log:20 - Verified name and emial is populated
2025-06-02 16:50:03 INFO  Log:20 - Filling SignUp Form and creating account
2025-06-02 16:50:03 INFO  Log:20 - Validated Account is created
2025-06-02 16:50:04 INFO  Log:20 - Clicked on continue Button
2025-06-02 16:50:04 INFO  Log:20 - Verified Home Page is visible
2025-06-02 16:50:04 INFO  Log:20 - Verified Created User is Visible
2025-06-02 16:50:05 INFO  Log:20 - Clicked on Cart
2025-06-02 16:50:07 INFO  Log:20 - Clicked on Proceed to checkOut button
2025-06-02 16:50:07 INFO  Log:20 - Billing Address is Visible
2025-06-02 16:50:07 INFO  Log:20 - Delivery Addresss is Visible
2025-06-02 16:50:08 INFO  Log:20 - Comments added for order
2025-06-02 16:51:09 INFO  Log:20 - Verified Home page is Visible
2025-06-02 16:51:12 INFO  Log:20 - Added 2 products to cart
2025-06-02 16:51:14 INFO  Log:20 - Clicked on cart
2025-06-02 16:51:14 INFO  Log:20 - Verified Cart Page is Visible
2025-06-02 16:51:14 INFO  Log:20 - Clicked on Proceed to checkout Button
2025-06-02 16:51:14 INFO  Log:20 - Clicking on register/Login from PopUp
2025-06-02 16:51:15 INFO  Log:20 - Filling user name and Email in SignUp section and clicking SignUp Button
2025-06-02 16:51:26 INFO  Log:20 - Verified name and emial is populated
2025-06-02 16:51:31 INFO  Log:20 - Filling SignUp Form and creating account
2025-06-02 16:51:31 INFO  Log:20 - Validated Account is created
2025-06-02 16:51:32 INFO  Log:20 - Clicked on continue Button
2025-06-02 16:51:32 INFO  Log:20 - Verified Home Page is visible
2025-06-02 16:51:32 INFO  Log:20 - Verified Created User is Visible
2025-06-02 16:51:34 INFO  Log:20 - Clicked on Cart
2025-06-02 16:51:36 INFO  Log:20 - Clicked on Proceed to checkOut button
2025-06-02 16:51:36 INFO  Log:20 - Billing Address is Visible
2025-06-02 16:51:36 INFO  Log:20 - Delivery Addresss is Visible
2025-06-02 16:51:36 INFO  Log:20 - Comments added for order
2025-06-02 16:52:29 INFO  Log:20 - Verified Home page is Visible
2025-06-02 16:52:32 INFO  Log:20 - Added 2 products to cart
2025-06-02 16:52:32 INFO  Log:20 - Clicked on cart
2025-06-02 16:52:32 INFO  Log:20 - Verified Cart Page is Visible
2025-06-02 16:52:33 INFO  Log:20 - Clicked on Proceed to checkout Button
2025-06-02 16:52:33 INFO  Log:20 - Clicking on register/Login from PopUp
2025-06-02 16:52:33 INFO  Log:20 - Filling user name and Email in SignUp section and clicking SignUp Button
2025-06-02 16:52:37 INFO  Log:20 - Verified name and emial is populated
2025-06-02 16:52:42 INFO  Log:20 - Filling SignUp Form and creating account
2025-06-02 16:52:42 INFO  Log:20 - Validated Account is created
2025-06-02 16:52:42 INFO  Log:20 - Clicked on continue Button
2025-06-02 16:52:43 INFO  Log:20 - Verified Home Page is visible
2025-06-02 16:52:43 INFO  Log:20 - Verified Created User is Visible
2025-06-02 16:52:44 INFO  Log:20 - Clicked on Cart
2025-06-02 16:52:45 INFO  Log:20 - Clicked on Proceed to checkOut button
2025-06-02 16:52:45 INFO  Log:20 - Billing Address is Visible
2025-06-02 16:52:45 INFO  Log:20 - Delivery Addresss is Visible
2025-06-02 16:52:45 INFO  Log:20 - Comments added for order
2025-06-02 16:53:18 INFO  Log:20 - Verified Home page is Visible
2025-06-02 16:53:21 INFO  Log:20 - Added 2 products to cart
2025-06-02 16:53:22 INFO  Log:20 - Clicked on cart
2025-06-02 16:53:22 INFO  Log:20 - Verified Cart Page is Visible
2025-06-02 16:53:22 INFO  Log:20 - Clicked on Proceed to checkout Button
2025-06-02 16:53:22 INFO  Log:20 - Clicking on register/Login from PopUp
2025-06-02 16:53:24 INFO  Log:20 - Filling user name and Email in SignUp section and clicking SignUp Button
2025-06-02 16:53:32 INFO  Log:20 - Verified name and emial is populated
2025-06-02 16:53:37 INFO  Log:20 - Filling SignUp Form and creating account
2025-06-02 16:53:37 INFO  Log:20 - Validated Account is created
2025-06-02 16:53:38 INFO  Log:20 - Clicked on continue Button
2025-06-02 16:53:38 INFO  Log:20 - Verified Home Page is visible
2025-06-02 16:53:38 INFO  Log:20 - Verified Created User is Visible
2025-06-02 16:53:40 INFO  Log:20 - Clicked on Cart
2025-06-02 16:53:42 INFO  Log:20 - Clicked on Proceed to checkOut button
2025-06-02 16:53:42 INFO  Log:20 - Billing Address is Visible
2025-06-02 16:53:42 INFO  Log:20 - Delivery Addresss is Visible
2025-06-02 16:53:43 INFO  Log:20 - Comments added for order
2025-06-02 16:55:33 INFO  Log:20 - Verified Home page is Visible
2025-06-02 16:55:38 INFO  Log:20 - Added 2 products to cart
2025-06-02 16:55:38 INFO  Log:20 - Clicked on cart
2025-06-02 16:55:39 INFO  Log:20 - Verified Cart Page is Visible
2025-06-02 16:55:39 INFO  Log:20 - Clicked on Proceed to checkout Button
2025-06-02 16:55:39 INFO  Log:20 - Clicking on register/Login from PopUp
2025-06-02 16:55:39 INFO  Log:20 - Filling user name and Email in SignUp section and clicking SignUp Button
2025-06-02 16:55:45 INFO  Log:20 - Verified name and emial is populated
2025-06-02 16:55:49 INFO  Log:20 - Filling SignUp Form and creating account
2025-06-02 16:55:49 INFO  Log:20 - Validated Account is created
2025-06-02 16:55:50 INFO  Log:20 - Clicked on continue Button
2025-06-02 16:55:50 INFO  Log:20 - Verified Home Page is visible
2025-06-02 16:55:50 INFO  Log:20 - Verified Created User is Visible
2025-06-02 16:55:51 INFO  Log:20 - Clicked on Cart
2025-06-02 16:55:52 INFO  Log:20 - Clicked on Proceed to checkOut button
2025-06-02 16:55:52 INFO  Log:20 - Billing Address is Visible
2025-06-02 16:55:53 INFO  Log:20 - Delivery Addresss is Visible
2025-06-02 16:55:53 INFO  Log:20 - Comments added for order
2025-06-05 00:05:40 INFO  Log:10 - =====================================verifyTestCasePage TEST START=========================================
2025-06-05 00:05:40 INFO  Log:20 - Verifying Home is Loaded
2025-06-05 00:05:40 INFO  Log:20 - Clicked on TestCase page
2025-06-05 00:05:42 INFO  Log:20 - Verifying if Test Case page loaded
2025-06-05 00:05:42 INFO  Log:20 - Verifyning if actual and expected url are same
2025-06-05 00:05:42 INFO  Log:13 - =====================================verifyTestCasePage TEST END=========================================
2025-06-05 00:05:50 INFO  Log:10 - =====================================Login TEST START=========================================
2025-06-05 00:05:50 INFO  Log:20 - Verifying if homepage is visible
2025-06-05 00:05:53 INFO  Log:20 - clicked on SignupSignIn button
2025-06-05 00:07:03 INFO  Log:10 - =====================================existingEmailSignUp TEST START=========================================
2025-06-05 00:07:03 INFO  Log:20 - Verifyed home page is visible
2025-06-05 00:07:05 INFO  Log:20 - SingInSignUpButton clicked
2025-06-05 00:07:07 INFO  Log:20 - Invalid message verified
2025-06-05 00:07:07 INFO  Log:13 - =====================================existingEmailSignUp TEST END=========================================
2025-06-05 00:07:15 INFO  Log:10 - =====================================invalidLogin TEST START=========================================
2025-06-05 00:07:16 INFO  Log:20 - Validating if HomePage is Visible
2025-06-05 00:07:18 INFO  Log:20 - SignupSignIn Button clicked
2025-06-05 00:07:19 INFO  Log:20 - Entered Email and password and signin button clicked
2025-06-05 00:07:20 INFO  Log:20 - Invaild username Password validated
2025-06-05 00:07:20 INFO  Log:13 - =====================================invalidLogin TEST END=========================================
2025-06-05 00:07:29 INFO  Log:10 - =====================================invalidLogin TEST START=========================================
2025-06-05 00:07:29 INFO  Log:20 - Validating if HomePage is Visible
2025-06-05 00:07:30 INFO  Log:20 - SignupSignIn Button clicked
2025-06-05 00:07:31 INFO  Log:20 - Entered Email and password and signin button clicked
2025-06-05 00:07:32 INFO  Log:20 - Invaild username Password validated
2025-06-05 00:07:32 INFO  Log:13 - =====================================invalidLogin TEST END=========================================
2025-06-05 00:07:40 INFO  Log:10 - =====================================invalidLogin TEST START=========================================
2025-06-05 00:07:40 INFO  Log:20 - Validating if HomePage is Visible
2025-06-05 00:07:42 INFO  Log:20 - SignupSignIn Button clicked
2025-06-05 00:07:43 INFO  Log:20 - Entered Email and password and signin button clicked
2025-06-05 00:07:43 INFO  Log:20 - Invaild username Password validated
2025-06-05 00:07:43 INFO  Log:13 - =====================================invalidLogin TEST END=========================================
2025-06-05 00:07:51 INFO  Log:10 - =====================================invalidLogin TEST START=========================================
2025-06-05 00:07:51 INFO  Log:20 - Validating if HomePage is Visible
2025-06-05 00:07:53 INFO  Log:20 - SignupSignIn Button clicked
2025-06-05 00:07:53 INFO  Log:20 - Entered Email and password and signin button clicked
2025-06-05 00:07:54 INFO  Log:20 - Invaild username Password validated
2025-06-05 00:07:54 INFO  Log:13 - =====================================invalidLogin TEST END=========================================
2025-06-05 00:08:02 INFO  Log:20 - Verified Home page is Visible
2025-06-05 00:08:06 INFO  Log:20 - Added 2 products to cart
2025-06-05 00:08:07 INFO  Log:20 - Clicked on cart
2025-06-05 00:08:07 INFO  Log:20 - Verified Cart Page is Visible
2025-06-05 00:08:07 INFO  Log:20 - Clicked on Proceed to checkout Button
2025-06-05 00:08:07 INFO  Log:20 - Clicking on register/Login from PopUp
2025-06-05 00:08:08 INFO  Log:20 - Filling user name and Email in SignUp section and clicking SignUp Button
2025-06-05 00:24:51 INFO  Log:10 - =====================================verifyTestCasePage TEST START=========================================
2025-06-05 00:24:51 INFO  Log:20 - Verifying Home is Loaded
2025-06-05 00:24:51 INFO  Log:20 - Clicked on TestCase page
2025-06-05 00:24:54 INFO  Log:20 - Verifying if Test Case page loaded
2025-06-05 00:24:54 INFO  Log:20 - Verifyning if actual and expected url are same
2025-06-05 00:24:54 INFO  Log:13 - =====================================verifyTestCasePage TEST END=========================================
2025-06-05 00:24:58 INFO  Log:10 - =====================================Login TEST START=========================================
2025-06-05 00:24:58 INFO  Log:20 - Verifying if homepage is visible
2025-06-05 00:24:59 INFO  Log:20 - clicked on SignupSignIn button
2025-06-05 00:25:06 INFO  Log:13 - =====================================Login TEST END=========================================
2025-06-05 00:25:10 INFO  Log:10 - =====================================existingEmailSignUp TEST START=========================================
2025-06-05 00:25:10 INFO  Log:20 - Verifyed home page is visible
2025-06-05 00:25:12 INFO  Log:20 - SingInSignUpButton clicked
2025-06-05 00:25:13 INFO  Log:20 - Invalid message verified
2025-06-05 00:25:13 INFO  Log:13 - =====================================existingEmailSignUp TEST END=========================================
2025-06-05 00:25:16 INFO  Log:10 - =====================================invalidLogin TEST START=========================================
2025-06-05 00:25:16 INFO  Log:20 - Validating if HomePage is Visible
2025-06-05 00:25:17 INFO  Log:20 - SignupSignIn Button clicked
2025-06-05 00:25:18 INFO  Log:20 - Entered Email and password and signin button clicked
2025-06-05 00:25:19 INFO  Log:20 - Invaild username Password validated
2025-06-05 00:25:19 INFO  Log:13 - =====================================invalidLogin TEST END=========================================
2025-06-05 00:25:22 INFO  Log:10 - =====================================invalidLogin TEST START=========================================
2025-06-05 00:25:22 INFO  Log:20 - Validating if HomePage is Visible
2025-06-05 00:25:24 INFO  Log:20 - SignupSignIn Button clicked
2025-06-05 00:25:25 INFO  Log:20 - Entered Email and password and signin button clicked
2025-06-05 00:25:25 INFO  Log:20 - Invaild username Password validated
2025-06-05 00:25:25 INFO  Log:13 - =====================================invalidLogin TEST END=========================================
2025-06-05 00:25:29 INFO  Log:10 - =====================================invalidLogin TEST START=========================================
2025-06-05 00:25:30 INFO  Log:20 - Validating if HomePage is Visible
2025-06-05 00:25:31 INFO  Log:20 - SignupSignIn Button clicked
2025-06-05 00:25:32 INFO  Log:20 - Entered Email and password and signin button clicked
2025-06-05 00:25:32 INFO  Log:20 - Invaild username Password validated
2025-06-05 00:25:32 INFO  Log:13 - =====================================invalidLogin TEST END=========================================
2025-06-05 00:25:36 INFO  Log:10 - =====================================invalidLogin TEST START=========================================
2025-06-05 00:25:36 INFO  Log:20 - Validating if HomePage is Visible
2025-06-05 00:25:37 INFO  Log:20 - SignupSignIn Button clicked
2025-06-05 00:25:39 INFO  Log:20 - Entered Email and password and signin button clicked
2025-06-05 00:25:39 INFO  Log:20 - Invaild username Password validated
2025-06-05 00:25:39 INFO  Log:13 - =====================================invalidLogin TEST END=========================================
2025-06-05 00:25:43 INFO  Log:20 - Verified Home page is Visible
2025-06-05 00:25:47 INFO  Log:20 - Added 2 products to cart
2025-06-05 00:25:48 INFO  Log:20 - Clicked on cart
2025-06-05 00:25:48 INFO  Log:20 - Verified Cart Page is Visible
2025-06-05 00:25:48 INFO  Log:20 - Clicked on Proceed to checkout Button
2025-06-05 00:25:48 INFO  Log:20 - Clicking on register/Login from PopUp
2025-06-05 00:25:49 INFO  Log:20 - Filling user name and Email in SignUp section and clicking SignUp Button
2025-06-05 00:25:50 INFO  Log:20 - Verified name and emial is populated
2025-06-05 00:25:54 INFO  Log:20 - Filling SignUp Form and creating account
2025-06-05 00:25:54 INFO  Log:20 - Validated Account is created
2025-06-05 00:25:55 INFO  Log:20 - Clicked on continue Button
2025-06-05 00:25:55 INFO  Log:20 - Verified Home Page is visible
2025-06-05 00:25:55 INFO  Log:20 - Verified Created User is Visible
2025-06-05 00:25:58 INFO  Log:20 - Clicked on Cart
2025-06-05 00:26:03 INFO  Log:20 - Clicked on Proceed to checkOut button
2025-06-05 00:26:03 INFO  Log:20 - Billing Address is Visible
2025-06-05 00:26:03 INFO  Log:20 - Delivery Addresss is Visible
2025-06-05 00:26:03 INFO  Log:20 - Comments added for order
2025-06-05 00:26:09 INFO  Log:10 - =====================================homePageSubscription TEST START=========================================
2025-06-05 00:26:09 INFO  Log:20 - Verifying HomePage is loaded
2025-06-05 00:26:09 INFO  Log:20 - scrolling to bottom of page
2025-06-05 00:26:09 INFO  Log:20 - verifying subscription box is visible
2025-06-05 00:26:09 INFO  Log:20 - passing emailid from config  and clicking submit button
2025-06-05 00:26:10 INFO  Log:20 - You have been successfully subscribed!
2025-06-05 00:26:10 INFO  Log:20 - Validating expected and actual message
2025-06-05 00:26:10 INFO  Log:13 - =====================================homePageSubscription TEST END=========================================
2025-06-05 00:26:17 INFO  Log:10 - =====================================contactUsFormSubmit TEST START=========================================
2025-06-05 00:26:17 INFO  Log:20 - Verifying if home page is visible
2025-06-05 00:26:17 INFO  Log:20 - Home page is visible
2025-06-05 00:26:20 INFO  Log:20 - Get in touch is visible
2025-06-05 00:26:20 INFO  Log:20 - Contact us heading is visible
2025-06-05 00:26:20 INFO  Log:20 - Filling form
2025-06-05 00:26:21 INFO  Log:20 - Form filled and file uploaded
2025-06-05 00:26:22 INFO  Log:13 - =====================================contactUsFormSubmit TEST END=========================================
2025-06-05 00:26:26 INFO  Log:10 - =====================================searchProduct TEST START=========================================
2025-06-05 00:26:26 INFO  Log:20 - Verified home page is visible
2025-06-05 00:26:28 INFO  Log:20 - clicked on products
2025-06-05 00:26:29 INFO  Log:20 - Product is searched
2025-06-05 00:26:29 INFO  Log:20 - no of products found: 14
2025-06-05 00:26:29 INFO  Log:20 - Verifying if products are visible
2025-06-05 00:26:29 INFO  Log:13 - =====================================searchProduct TEST END=========================================
2025-06-05 00:26:33 INFO  Log:20 - Verifying if homePage is visible
2025-06-05 00:26:35 INFO  Log:20 - Clicking on products section
2025-06-05 00:26:35 INFO  Log:20 - verifyed if sale logo is visible
2025-06-05 00:26:35 INFO  Log:20 - moving mouse to first product and clicking add to cart
2025-06-05 00:26:37 INFO  Log:20 - Moving to second element and clicking add to cart and selecting view cart from pop up
2025-06-05 00:26:39 INFO  Log:20 - verifying if cart page is visible
2025-06-05 00:26:39 INFO  Log:20 - verfying only 2 products are present in cart
2025-06-05 00:26:39 INFO  Log:20 - Verifying price and quantity total is same as displayed
2025-06-05 00:26:40 INFO  Log:13 - =====================================addProductsToCart TEST END=========================================
2025-06-05 00:26:43 INFO  Log:10 - =====================================subscriptionToMailFromCartPage TEST START=========================================
2025-06-05 00:26:43 INFO  Log:20 - Verify homepage is visible
2025-06-05 00:26:43 INFO  Log:20 - clicking on cart
2025-06-05 00:26:45 INFO  Log:20 - validating cart is loaded
2025-06-05 00:26:45 INFO  Log:20 - Scrolling down
2025-06-05 00:26:45 INFO  Log:20 - verifying if subscription box is loaded
2025-06-05 00:26:45 INFO  Log:20 - Filing email and submiting
2025-06-05 00:26:46 INFO  Log:20 - Validating success message
2025-06-05 00:26:46 INFO  Log:13 - =====================================subscriptionToMailFromCartPage TEST END=========================================
2025-06-05 00:26:50 INFO  Log:10 - =====================================verifyQuantityFromCart TEST START=========================================
2025-06-05 00:26:50 INFO  Log:20 - Verified Home Page is visible
2025-06-05 00:26:51 INFO  Log:20 - Clicked on product 5
2025-06-05 00:26:52 INFO  Log:20 - Verifying if products are visible
2025-06-05 00:26:52 INFO  Log:20 - verifying quantity is chaange to 4
2025-06-05 00:26:52 INFO  Log:20 - Clicked on Add to Cart Button
2025-06-05 00:26:54 INFO  Log:20 - Clicked on view cart from popup
2025-06-05 00:26:54 INFO  Log:20 - Getting quantity displayed and verifying its 4
2025-06-05 00:26:54 INFO  Log:13 - =====================================verifyQuantityFromCart TEST END=========================================
2025-06-05 00:26:57 INFO  Log:10 - =====================================productDetailsValidation TEST START=========================================
2025-06-05 00:26:57 INFO  Log:20 - Verifying if Home Page is Visible
2025-06-05 00:26:57 INFO  Log:20 - HomePage is visible clickin on products
2025-06-05 00:26:59 INFO  Log:20 - verifying sale logo is visible 
2025-06-05 00:26:59 INFO  Log:20 - sales logo is visible, Verifying if all products are loaded
2025-06-05 00:27:00 INFO  Log:20 - Verifying if all products are visible in products page
2025-06-05 00:27:00 INFO  Log:20 - selecting view product for first product
2025-06-05 00:27:00 INFO  Log:20 - clicking on view details for first product
2025-06-05 00:27:01 INFO  Log:20 - Product details page loaded
2025-06-05 00:27:01 INFO  Log:20 - Verifyied product details are visible
2025-06-05 00:27:01 INFO  Log:13 - =====================================productDetailsValidation TEST END=========================================
2025-06-05 00:27:04 INFO  Log:10 - =====================================registerUser TEST START=========================================
2025-06-05 00:27:04 INFO  Log:20 - verifying the home page is visiable
2025-06-05 00:27:04 INFO  Log:20 - LoginSignup button clicked
2025-06-05 00:27:06 INFO  Log:20 - Verifying if the signup page is loadded
2025-06-05 00:27:07 INFO  Log:20 - Entered username and email in textbox and signup button is clicked
2025-06-05 00:27:07 INFO  Log:20 - verifying if previously entered email and name is populated on form
2025-06-05 00:27:12 INFO  Log:20 - Form filled and checkbox clicked and create account button is clicked
2025-06-05 00:27:12 INFO  Log:20 - Validating if account got created
2025-06-05 00:27:13 INFO  Log:20 - continue button clicked
2025-06-05 00:27:13 INFO  Log:20 - Verifying is new user is showing in homepage
2025-06-05 00:27:15 INFO  Log:20 - Account deletion button clicked
2025-06-05 00:27:16 INFO  Log:13 - =====================================registerUser TEST END=========================================
2025-06-05 00:27:23 INFO  Log:20 - Login was successfull from setup
2025-06-05 00:27:23 INFO  Log:10 - =====================================logout TEST START=========================================
2025-06-05 00:27:23 INFO  Log:20 - Verifyied-User is Logged In
2025-06-05 00:27:24 INFO  Log:20 - LogOut button clicked
2025-06-05 00:27:25 INFO  Log:20 - verifying that accout got logged out and we are at signUpSignIn Page
2025-06-05 00:27:25 INFO  Log:13 - =====================================logout TEST END=========================================
2025-06-05 00:53:17 INFO  Log:10 - =====================================verifyTestCasePage TEST START=========================================
2025-06-05 00:53:17 INFO  Log:20 - Verifying Home is Loaded
2025-06-05 00:53:17 INFO  Log:20 - Clicked on TestCase page
2025-06-05 00:53:19 INFO  Log:20 - Verifying if Test Case page loaded
2025-06-05 00:53:19 INFO  Log:20 - Verifying if actual and expected url are same
2025-06-05 00:53:19 INFO  Log:13 - =====================================verifyTestCasePage TEST END=========================================
2025-06-05 00:53:23 INFO  Log:10 - =====================================Login TEST START=========================================
2025-06-05 00:53:23 INFO  Log:20 - Verifying if home page is visible
2025-06-05 00:53:24 INFO  Log:20 - clicked on SignupSignIn button
2025-06-05 00:56:04 INFO  Log:10 - =====================================verifyTestCasePage TEST START=========================================
2025-06-05 00:56:04 INFO  Log:20 - Verifying Home is Loaded
2025-06-05 00:56:04 INFO  Log:20 - Clicked on TestCase page
2025-06-05 00:56:06 INFO  Log:20 - Verifying if Test Case page loaded
2025-06-05 00:56:06 INFO  Log:20 - Verifying if actual and expected url are same
2025-06-05 00:56:06 INFO  Log:13 - =====================================verifyTestCasePage TEST END=========================================
2025-06-05 00:56:10 INFO  Log:10 - =====================================Login TEST START=========================================
2025-06-05 00:56:10 INFO  Log:20 - Verifying if home page is visible
2025-06-05 00:56:12 INFO  Log:20 - clicked on SignupSignIn button
2025-06-05 00:56:15 INFO  Log:13 - =====================================Login TEST END=========================================
2025-06-05 00:56:19 INFO  Log:10 - =====================================existingEmailSignUp TEST START=========================================
2025-06-05 00:56:19 INFO  Log:20 - Verified home page is visible
2025-06-05 00:56:20 INFO  Log:20 - SingInSignUpButton clicked
2025-06-05 00:56:21 INFO  Log:20 - Invalid message verified
2025-06-05 00:56:21 INFO  Log:13 - =====================================existingEmailSignUp TEST END=========================================
2025-06-05 00:56:25 INFO  Log:10 - =====================================invalidLogin TEST START=========================================
2025-06-05 00:56:25 INFO  Log:20 - Validating if HomePage is Visible
2025-06-05 00:56:26 INFO  Log:20 - SignupSignIn Button clicked
2025-06-05 00:56:28 INFO  Log:20 - Entered Email and password and signin button clicked
2025-06-05 00:56:28 INFO  Log:20 - Invalid username Password validated
2025-06-05 00:56:28 INFO  Log:13 - =====================================invalidLogin TEST END=========================================
2025-06-05 00:56:31 INFO  Log:10 - =====================================invalidLogin TEST START=========================================
2025-06-05 00:56:31 INFO  Log:20 - Validating if HomePage is Visible
2025-06-05 00:56:33 INFO  Log:20 - SignupSignIn Button clicked
2025-06-05 00:56:34 INFO  Log:20 - Entered Email and password and signin button clicked
2025-06-05 00:56:34 INFO  Log:20 - Invalid username Password validated
2025-06-05 00:56:34 INFO  Log:13 - =====================================invalidLogin TEST END=========================================
2025-06-05 00:56:38 INFO  Log:10 - =====================================invalidLogin TEST START=========================================
2025-06-05 00:56:38 INFO  Log:20 - Validating if HomePage is Visible
2025-06-05 00:56:39 INFO  Log:20 - SignupSignIn Button clicked
2025-06-05 00:56:40 INFO  Log:20 - Entered Email and password and signin button clicked
2025-06-05 00:56:41 INFO  Log:20 - Invalid username Password validated
2025-06-05 00:56:41 INFO  Log:13 - =====================================invalidLogin TEST END=========================================
2025-06-05 00:56:45 INFO  Log:10 - =====================================invalidLogin TEST START=========================================
2025-06-05 00:56:45 INFO  Log:20 - Validating if HomePage is Visible
2025-06-05 00:56:46 INFO  Log:20 - SignupSignIn Button clicked
2025-06-05 00:56:47 INFO  Log:20 - Entered Email and password and signin button clicked
2025-06-05 00:56:47 INFO  Log:20 - Invalid username Password validated
2025-06-05 00:56:47 INFO  Log:13 - =====================================invalidLogin TEST END=========================================
2025-06-05 00:56:52 INFO  Log:10 - =====================================placeOrder TEST START=========================================
2025-06-05 00:56:52 INFO  Log:10 - =====================================placeOrder TEST START=========================================
2025-06-05 00:56:52 INFO  Log:20 - Verified Home page is Visible
2025-06-05 00:56:55 INFO  Log:20 - Added 2 products to cart
2025-06-05 00:56:56 INFO  Log:20 - Clicked on cart
2025-06-05 00:56:56 INFO  Log:20 - Verified Cart Page is Visible
2025-06-05 00:56:56 INFO  Log:20 - Clicked on Proceed to checkout Button
2025-06-05 00:56:56 INFO  Log:20 - Clicking on register/Login from PopUp
2025-06-05 00:56:56 INFO  Log:20 - Filling user name and Email in SignUp section and clicking SignUp Button
2025-06-05 00:57:37 INFO  Log:20 - Verified name and emial is populated
2025-06-05 00:57:43 INFO  Log:20 - Filling SignUp Form and creating account
2025-06-05 00:57:43 INFO  Log:20 - Validated Account is created
2025-06-05 00:57:44 INFO  Log:20 - Clicked on continue Button
2025-06-05 00:57:44 INFO  Log:20 - Verified Home Page is visible
2025-06-05 00:57:44 INFO  Log:20 - Verified Created User is Visible
2025-06-05 00:57:46 INFO  Log:20 - Clicked on Cart
2025-06-05 00:57:48 INFO  Log:20 - Clicked on Proceed to checkOut button
2025-06-05 00:57:48 INFO  Log:20 - Billing Address is Visible
2025-06-05 00:57:48 INFO  Log:20 - Delivery Addresss is Visible
2025-06-05 00:57:48 INFO  Log:20 - Comments added for order
2025-06-05 00:57:53 INFO  Log:10 - =====================================homePageSubscription TEST START=========================================
2025-06-05 00:57:53 INFO  Log:20 - Verifying HomePage is loaded
2025-06-05 00:57:53 INFO  Log:20 - scrolling to bottom of page
2025-06-05 00:57:53 INFO  Log:20 - verifying subscription box is visible
2025-06-05 00:57:53 INFO  Log:20 - passing emailid from config  and clicking submit button
2025-06-05 00:57:54 INFO  Log:20 - You have been successfully subscribed!
2025-06-05 00:57:54 INFO  Log:20 - Validating expected and actual message
2025-06-05 00:57:54 INFO  Log:13 - =====================================homePageSubscription TEST END=========================================
2025-06-05 00:57:57 INFO  Log:10 - =====================================contactUsFormSubmit TEST START=========================================
2025-06-05 00:57:57 INFO  Log:20 - Verifying if home page is visible
2025-06-05 00:57:57 INFO  Log:20 - Home page is visible
2025-06-05 00:58:00 INFO  Log:20 - Get in touch is visible
2025-06-05 00:58:00 INFO  Log:20 - Contact us heading is visible
2025-06-05 00:58:00 INFO  Log:20 - Filling form
2025-06-05 00:58:01 INFO  Log:20 - Form filled and file uploaded
2025-06-05 00:58:02 INFO  Log:13 - =====================================contactUsFormSubmit TEST END=========================================
2025-06-05 00:58:05 INFO  Log:10 - =====================================searchProduct TEST START=========================================
2025-06-05 00:58:05 INFO  Log:20 - Verified home page is visible
2025-06-05 00:58:06 INFO  Log:20 - clicked on products
2025-06-05 00:58:08 INFO  Log:20 - Product is searched
2025-06-05 00:58:08 INFO  Log:20 - no of products found: 14
2025-06-05 00:58:08 INFO  Log:20 - Verifying if products are visible
2025-06-05 00:58:08 INFO  Log:13 - =====================================searchProduct TEST END=========================================
2025-06-05 00:58:12 INFO  Log:10 - =====================================addProductsToCart TEST START=========================================
2025-06-05 00:58:12 INFO  Log:20 - Verifying if homePage is visible
2025-06-05 00:58:14 INFO  Log:20 - Clicking on products section
2025-06-05 00:58:14 INFO  Log:20 - verifyed if sale logo is visible
2025-06-05 00:58:14 INFO  Log:20 - moving mouse to first product and clicking add to cart
2025-06-05 00:58:15 INFO  Log:20 - Moving to second element and clicking add to cart and selecting view cart from pop up
2025-06-05 00:58:18 INFO  Log:20 - verifying if cart page is visible
2025-06-05 00:58:18 INFO  Log:20 - verfying only 2 products are present in cart
2025-06-05 00:58:18 INFO  Log:20 - Verifying price and quantity total is same as displayed
2025-06-05 00:58:18 INFO  Log:13 - =====================================addProductsToCart TEST END=========================================
2025-06-05 00:58:22 INFO  Log:10 - =====================================subscriptionToMailFromCartPage TEST START=========================================
2025-06-05 00:58:22 INFO  Log:20 - Verify homepage is visible
2025-06-05 00:58:22 INFO  Log:20 - clicking on cart
2025-06-05 00:58:23 INFO  Log:20 - validating cart is loaded
2025-06-05 00:58:23 INFO  Log:20 - Scrolling down
2025-06-05 00:58:23 INFO  Log:20 - verifying if subscription box is loaded
2025-06-05 00:58:23 INFO  Log:20 - Filing email and submitting
2025-06-05 00:58:24 INFO  Log:20 - Validating success message
2025-06-05 00:58:24 INFO  Log:13 - =====================================subscriptionToMailFromCartPage TEST END=========================================
2025-06-05 00:58:27 INFO  Log:10 - =====================================verifyQuantityFromCart TEST START=========================================
2025-06-05 00:58:27 INFO  Log:20 - Verified Home Page is visible
2025-06-05 00:58:27 INFO  Log:20 - Clicked on product 5
2025-06-05 00:58:58 INFO  Log:10 - =====================================productDetailsValidation TEST START=========================================
2025-06-05 00:58:58 INFO  Log:20 - Verifying if Home Page is Visible
2025-06-05 00:58:58 INFO  Log:20 - HomePage is visible clickin on products
2025-06-05 00:59:00 INFO  Log:20 - verifying sale logo is present 
2025-06-05 00:59:00 INFO  Log:20 - sales logo is visible, Verifying if all products are present
2025-06-05 00:59:01 INFO  Log:20 - Verifying if all products are visible in products page
2025-06-05 00:59:01 INFO  Log:20 - selecting view product for first product
2025-06-05 00:59:01 INFO  Log:20 - clicking on view details for first product
2025-06-05 00:59:04 INFO  Log:20 - Product details page loaded
2025-06-05 00:59:04 INFO  Log:20 - Verifyied product details are visible
2025-06-05 00:59:04 INFO  Log:13 - =====================================productDetailsValidation TEST END=========================================
2025-06-05 00:59:07 INFO  Log:10 - =====================================registerUser TEST START=========================================
2025-06-05 00:59:08 INFO  Log:20 - verifying the home page is visiable
2025-06-05 00:59:08 INFO  Log:20 - LoginSignup button clicked
2025-06-05 00:59:09 INFO  Log:20 - Verifying if the signup page is loadded
2025-06-05 00:59:10 INFO  Log:20 - Entered username and email in textbox and signup button is clicked
2025-06-05 00:59:10 INFO  Log:20 - verifying if previously entered email and name is populated on form
2025-06-05 00:59:14 INFO  Log:20 - Form filled and checkbox clicked and create account button is clicked
2025-06-05 00:59:14 INFO  Log:20 - Validating if account got created
2025-06-05 00:59:15 INFO  Log:20 - continue button clicked
2025-06-05 00:59:15 INFO  Log:20 - Verifying is new user is showing in homepage
2025-06-05 00:59:16 INFO  Log:20 - Account deletion button clicked
2025-06-05 00:59:18 INFO  Log:13 - =====================================registerUser TEST END=========================================
2025-06-05 00:59:24 INFO  Log:20 - Login was successfull from setup, starting test logout
2025-06-05 00:59:24 INFO  Log:10 - =====================================logout TEST START=========================================
2025-06-05 00:59:24 INFO  Log:20 - Verifyied-User is Logged In
2025-06-05 00:59:27 INFO  Log:20 - LogOut button clicked
2025-06-05 00:59:27 INFO  Log:20 - verifying that account got logged out and we are at signUpSignIn Page
2025-06-05 00:59:27 INFO  Log:13 - =====================================logout TEST END=========================================
2025-06-05 00:59:55 INFO  Log:10 - =====================================verifyQuantityFromCart TEST START=========================================
2025-06-05 00:59:57 INFO  Log:20 - Verified Home Page is visible
2025-06-05 00:59:58 INFO  Log:20 - Clicked on product 5
2025-06-05 00:59:58 INFO  Log:20 - Verifying if products are visible
2025-06-05 00:59:59 INFO  Log:20 - verifying quantity is change to 4
2025-06-05 00:59:59 INFO  Log:20 - Clicked on Add to Cart Button
2025-06-05 01:00:00 INFO  Log:20 - Clicked on view cart from popup
2025-06-05 01:00:00 INFO  Log:20 - Getting quantity displayed and verifying its 4
2025-06-05 01:00:00 INFO  Log:13 - =====================================verifyQuantityFromCart TEST END=========================================
2025-06-05 01:32:18 INFO  Log:10 - =====================================verifyTestCasePage TEST START=========================================
2025-06-05 01:32:18 INFO  Log:20 - Verifying Home is Loaded
2025-06-05 01:32:24 INFO  Log:10 - =====================================Login TEST START=========================================
2025-06-05 01:32:24 INFO  Log:20 - Verifying if home page is visible
2025-06-05 01:32:26 INFO  Log:20 - clicked on SignupSignIn button
2025-06-05 01:44:38 INFO  Log:10 - =====================================searchProduct TEST START=========================================
2025-06-05 01:44:39 INFO  Log:20 - Verified home page is visible
2025-06-05 01:44:40 INFO  Log:20 - clicked on products
2025-06-05 01:44:42 INFO  Log:20 - Product is searched
2025-06-05 01:44:42 INFO  Log:20 - no of products found: 14
2025-06-05 01:44:43 INFO  Log:20 - Verifying if products are visible
2025-06-05 01:44:43 INFO  Log:13 - =====================================searchProduct TEST END=========================================
